Using pre-set license
Built from '2020.3/staging' branch; Version is '2020.3.0f1 (c7b5465681fb) revision 13088070'; Using compiler version '192528614'; Build Type 'Release'
OS: 'Windows 10 Pro; OS build 19042.1237; Version 2009; 64bit' Language: 'en' Physical Memory: 32727 MB
BatchMode: 1, IsHumanControllingUs: 0, StartBugReporterOnCrash: 0, Is64bit: 1, IsPro: 0

 COMMAND LINE ARGUMENTS:
D:\Program Files\Unity\2020.3.0f1\Editor\Unity.exe
-adb2
-batchMode
-noUpm
-name
AssetImportWorker0
-projectPath
C:/Users/MJF/OneDrive/Documents/UnityProjects/UnityLearn/Roll-a-Ball
-logFile
Logs/AssetImportWorker0.log
-srvPort
50135
Successfully changed project path to: C:/Users/MJF/OneDrive/Documents/UnityProjects/UnityLearn/Roll-a-Ball
C:/Users/MJF/OneDrive/Documents/UnityProjects/UnityLearn/Roll-a-Ball
Using Asset Import Pipeline V2.
Refreshing native plugins compatible for Editor in 52.64 ms, found 0 plugins.
Preloading 0 native plugins for Editor in 0.00 ms.
Initialize engine version: 2020.3.0f1 (c7b5465681fb)
[Subsystems] Discovering subsystems at path D:/Program Files/Unity/2020.3.0f1/Editor/Data/Resources/UnitySubsystems
[Subsystems] Discovering subsystems at path C:/Users/MJF/OneDrive/Documents/UnityProjects/UnityLearn/Roll-a-Ball/Assets
GfxDevice: creating device client; threaded=0
Direct3D:
    Version:  Direct3D 11.0 [level 11.1]
    Renderer: NVIDIA GeForce GTX 1060 6GB (ID=0x1c03)
    Vendor:   
    VRAM:     6052 MB
    Driver:   27.21.14.6192
Shader 'Universal Render Pipeline/Particles/Lit': fallback shader 'Universal Render Pipeline/Particles/SimpleLit' not found
Initialize mono
Mono path[0] = 'D:/Program Files/Unity/2020.3.0f1/Editor/Data/Managed'
Mono path[1] = 'D:/Program Files/Unity/2020.3.0f1/Editor/Data/MonoBleedingEdge/lib/mono/unityjit'
Mono config path = 'D:/Program Files/Unity/2020.3.0f1/Editor/Data/MonoBleedingEdge/etc'
Using monoOptions --debugger-agent=transport=dt_socket,embedding=1,server=y,suspend=n,address=127.0.0.1:56960
Begin MonoManager ReloadAssembly
Registering precompiled unity dll's ...
Register platform support module: D:/Program Files/Unity/2020.3.0f1/Editor/Data/PlaybackEngines/WindowsStandaloneSupport/UnityEditor.WindowsStandalone.Extensions.dll
Registered in 0.001396 seconds.
Native extension for WindowsStandalone target not found
Refreshing native plugins compatible for Editor in 53.63 ms, found 0 plugins.
Preloading 0 native plugins for Editor in 0.00 ms.
Invoked RoslynAnalysisRunner static constructor.
RoslynAnalysisRunner will not be running.
RoslynAnalysisRunner has terminated.
Mono: successfully reloaded assembly
- Completed reload, in  1.157 seconds
Platform modules already initialized, skipping
Registering precompiled user dll's ...
Registered in 0.001491 seconds.
Begin MonoManager ReloadAssembly
Native extension for WindowsStandalone target not found
Refreshing native plugins compatible for Editor in 50.14 ms, found 0 plugins.
Preloading 0 native plugins for Editor in 0.00 ms.
Invoked RoslynAnalysisRunner static constructor.
RoslynAnalysisRunner will not be running.
RoslynAnalysisRunner has terminated.
Mono: successfully reloaded assembly
- Completed reload, in  1.053 seconds
Platform modules already initialized, skipping
========================================================================
Worker process is ready to serve import requests
Shader 'Universal Render Pipeline/Particles/Lit': fallback shader 'Universal Render Pipeline/Particles/SimpleLit' not found
Launched and connected shader compiler UnityShaderCompiler.exe after 0.04 seconds
Refreshing native plugins compatible for Editor in 0.42 ms, found 0 plugins.
Preloading 0 native plugins for Editor in 0.00 ms.
Unloading 2671 Unused Serialized files (Serialized files now loaded: 0)
System memory in use before: 118.3 MB.
System memory in use after: 118.5 MB.

Unloading 13 unused Assets to reduce memory usage. Loaded Objects now: 3114.
Total: 4.190200 ms (FindLiveObjects: 0.538400 ms CreateObjectMapping: 0.273700 ms MarkObjects: 3.258400 ms  DeleteObjects: 0.117900 ms)

========================================================================
Received Import Request.
  path: Assets/Materials/Walls.mat
  artifactKey: Guid(f53c13a6d896e1f4685cd6762e15776d) Importer(815301076,1909f56bfc062723c751e8b465ee728b)
Start importing Assets/Materials/Walls.mat using Guid(f53c13a6d896e1f4685cd6762e15776d) Importer(815301076,1909f56bfc062723c751e8b465ee728b)  -> (artifact id: '03980f5117d00bfe5fd2c431af9b9d10') in 0.122909 seconds
  Import took 0.131571 seconds .

========================================================================
Received Import Request.
  Time since last request: 157.024793 seconds.
  path: Assets/Materials/Walls.mat
  artifactKey: Guid(f53c13a6d896e1f4685cd6762e15776d) Importer(815301076,1909f56bfc062723c751e8b465ee728b)
Start importing Assets/Materials/Walls.mat using Guid(f53c13a6d896e1f4685cd6762e15776d) Importer(815301076,1909f56bfc062723c751e8b465ee728b)  -> (artifact id: 'f619841673764aee9a8940dc190628ec') in 0.018854 seconds
  Import took 0.026896 seconds .

========================================================================
Received Prepare
Registering precompiled user dll's ...
Registered in 0.001708 seconds.
Begin MonoManager ReloadAssembly
Native extension for WindowsStandalone target not found
Refreshing native plugins compatible for Editor in 0.42 ms, found 0 plugins.
Preloading 0 native plugins for Editor in 0.00 ms.
Invoked RoslynAnalysisRunner static constructor.
RoslynAnalysisRunner will not be running.
RoslynAnalysisRunner has terminated.
Mono: successfully reloaded assembly
- Completed reload, in  0.856 seconds
Platform modules already initialized, skipping
Shader 'Universal Render Pipeline/Particles/Lit': fallback shader 'Universal Render Pipeline/Particles/SimpleLit' not found
Refreshing native plugins compatible for Editor in 0.44 ms, found 0 plugins.
Preloading 0 native plugins for Editor in 0.00 ms.
Unloading 2611 Unused Serialized files (Serialized files now loaded: 0)
System memory in use before: 117.4 MB.
System memory in use after: 117.6 MB.

Unloading 6 unused Assets to reduce memory usage. Loaded Objects now: 3156.
Total: 2.031200 ms (FindLiveObjects: 0.323300 ms CreateObjectMapping: 0.119800 ms MarkObjects: 1.533500 ms  DeleteObjects: 0.053800 ms)

========================================================================
Received Import Request.
  Time since last request: 419.022066 seconds.
  path: Assets/Scripts/Rotator.cs
  artifactKey: Guid(ab0b3b8d527ad7c42a1dd09cda6fbf67) Importer(815301076,1909f56bfc062723c751e8b465ee728b)
Start importing Assets/Scripts/Rotator.cs using Guid(ab0b3b8d527ad7c42a1dd09cda6fbf67) Importer(815301076,1909f56bfc062723c751e8b465ee728b)  -> (artifact id: '51581c2f648378270f7aed02473f5b5c') in 0.019314 seconds
  Import took 0.025706 seconds .

========================================================================
Received Prepare
Registering precompiled user dll's ...
Registered in 0.001504 seconds.
Begin MonoManager ReloadAssembly
Native extension for WindowsStandalone target not found
Refreshing native plugins compatible for Editor in 0.66 ms, found 0 plugins.
Preloading 0 native plugins for Editor in 0.00 ms.
Invoked RoslynAnalysisRunner static constructor.
RoslynAnalysisRunner will not be running.
RoslynAnalysisRunner has terminated.
Mono: successfully reloaded assembly
- Completed reload, in  0.873 seconds
Platform modules already initialized, skipping
Shader 'Universal Render Pipeline/Particles/Lit': fallback shader 'Universal Render Pipeline/Particles/SimpleLit' not found
Refreshing native plugins compatible for Editor in 1.30 ms, found 0 plugins.
Preloading 0 native plugins for Editor in 0.00 ms.
Unloading 2612 Unused Serialized files (Serialized files now loaded: 0)
System memory in use before: 117.5 MB.
System memory in use after: 117.7 MB.

Unloading 6 unused Assets to reduce memory usage. Loaded Objects now: 3159.
Total: 2.459500 ms (FindLiveObjects: 0.348200 ms CreateObjectMapping: 0.212600 ms MarkObjects: 1.839200 ms  DeleteObjects: 0.057800 ms)

========================================================================
Received Prepare
Registering precompiled user dll's ...
Registered in 0.002278 seconds.
Begin MonoManager ReloadAssembly
Native extension for WindowsStandalone target not found
Refreshing native plugins compatible for Editor in 0.53 ms, found 0 plugins.
Preloading 0 native plugins for Editor in 0.00 ms.
Invoked RoslynAnalysisRunner static constructor.
RoslynAnalysisRunner will not be running.
RoslynAnalysisRunner has terminated.
Mono: successfully reloaded assembly
- Completed reload, in  0.831 seconds
Platform modules already initialized, skipping
Shader 'Universal Render Pipeline/Particles/Lit': fallback shader 'Universal Render Pipeline/Particles/SimpleLit' not found
Refreshing native plugins compatible for Editor in 0.40 ms, found 0 plugins.
Preloading 0 native plugins for Editor in 0.00 ms.
Unloading 2612 Unused Serialized files (Serialized files now loaded: 0)
System memory in use before: 117.5 MB.
System memory in use after: 117.7 MB.

Unloading 6 unused Assets to reduce memory usage. Loaded Objects now: 3161.
Total: 2.458500 ms (FindLiveObjects: 0.407200 ms CreateObjectMapping: 0.171500 ms MarkObjects: 1.818100 ms  DeleteObjects: 0.060300 ms)

========================================================================
Received Import Request.
  Time since last request: 328.021467 seconds.
  path: Assets/Scripts/Rotator.cs
  artifactKey: Guid(ab0b3b8d527ad7c42a1dd09cda6fbf67) Importer(815301076,1909f56bfc062723c751e8b465ee728b)
Start importing Assets/Scripts/Rotator.cs using Guid(ab0b3b8d527ad7c42a1dd09cda6fbf67) Importer(815301076,1909f56bfc062723c751e8b465ee728b)  -> (artifact id: 'a953674c7c0cda31f585bb275367da76') in 0.005214 seconds
  Import took 0.011032 seconds .

========================================================================
Received Prepare
Registering precompiled user dll's ...
Registered in 0.002053 seconds.
Begin MonoManager ReloadAssembly
Native extension for WindowsStandalone target not found
Refreshing native plugins compatible for Editor in 0.44 ms, found 0 plugins.
Preloading 0 native plugins for Editor in 0.00 ms.
Invoked RoslynAnalysisRunner static constructor.
RoslynAnalysisRunner will not be running.
RoslynAnalysisRunner has terminated.
Mono: successfully reloaded assembly
- Completed reload, in  0.858 seconds
Platform modules already initialized, skipping
Shader 'Universal Render Pipeline/Particles/Lit': fallback shader 'Universal Render Pipeline/Particles/SimpleLit' not found
Refreshing native plugins compatible for Editor in 0.42 ms, found 0 plugins.
Preloading 0 native plugins for Editor in 0.00 ms.
Unloading 2612 Unused Serialized files (Serialized files now loaded: 0)
System memory in use before: 117.5 MB.
System memory in use after: 117.7 MB.

Unloading 6 unused Assets to reduce memory usage. Loaded Objects now: 3163.
Total: 3.347100 ms (FindLiveObjects: 0.275700 ms CreateObjectMapping: 0.114800 ms MarkObjects: 2.893900 ms  DeleteObjects: 0.061300 ms)

========================================================================
Received Import Request.
  Time since last request: 127.692942 seconds.
  path: Assets/Prefabs
  artifactKey: Guid(fad1704bba57b3c498e4e12aff471c2b) Importer(815301076,1909f56bfc062723c751e8b465ee728b)
Start importing Assets/Prefabs using Guid(fad1704bba57b3c498e4e12aff471c2b) Importer(815301076,1909f56bfc062723c751e8b465ee728b)  -> (artifact id: '700ad081efb56b5aca9b7d74e24ed936') in 0.013324 seconds
  Import took 0.019522 seconds .

========================================================================
Received Import Request.
  Time since last request: 14.013059 seconds.
  path: Assets/Prefabs/PickUp.prefab
  artifactKey: Guid(451630ef1d5cc504fad369c0d7a64f34) Importer(815301076,1909f56bfc062723c751e8b465ee728b)
Start importing Assets/Prefabs/PickUp.prefab using Guid(451630ef1d5cc504fad369c0d7a64f34) Importer(815301076,1909f56bfc062723c751e8b465ee728b)  -> (artifact id: 'c8efac96aa2ec34c78915f6f142873c6') in 0.058990 seconds
  Import took 0.067345 seconds .

