Using pre-set license
Built from '2020.3/staging' branch; Version is '2020.3.0f1 (c7b5465681fb) revision 13088070'; Using compiler version '192528614'; Build Type 'Release'
OS: 'Windows 10 Pro; OS build 19042.1237; Version 2009; 64bit' Language: 'en' Physical Memory: 32727 MB
BatchMode: 1, IsHumanControllingUs: 0, StartBugReporterOnCrash: 0, Is64bit: 1, IsPro: 0

 COMMAND LINE ARGUMENTS:
D:\Program Files\Unity\2020.3.0f1\Editor\Unity.exe
-adb2
-batchMode
-noUpm
-name
AssetImportWorker0
-projectPath
C:/Users/MJF/OneDrive/Documents/UnityProjects/UnityLearn/Roll-a-Ball/RollABall/RollABall
-logFile
Logs/AssetImportWorker0.log
-srvPort
59347
Successfully changed project path to: C:/Users/MJF/OneDrive/Documents/UnityProjects/UnityLearn/Roll-a-Ball/RollABall/RollABall
C:/Users/MJF/OneDrive/Documents/UnityProjects/UnityLearn/Roll-a-Ball/RollABall/RollABall
Using Asset Import Pipeline V2.
Refreshing native plugins compatible for Editor in 36.28 ms, found 0 plugins.
Preloading 0 native plugins for Editor in 0.00 ms.
Initialize engine version: 2020.3.0f1 (c7b5465681fb)
[Subsystems] Discovering subsystems at path D:/Program Files/Unity/2020.3.0f1/Editor/Data/Resources/UnitySubsystems
[Subsystems] Discovering subsystems at path C:/Users/MJF/OneDrive/Documents/UnityProjects/UnityLearn/Roll-a-Ball/RollABall/RollABall/Assets
GfxDevice: creating device client; threaded=0
Direct3D:
    Version:  Direct3D 11.0 [level 11.1]
    Renderer: NVIDIA GeForce GTX 1060 6GB (ID=0x1c03)
    Vendor:   
    VRAM:     6052 MB
    Driver:   27.21.14.6192
Shader 'Universal Render Pipeline/Particles/Lit': fallback shader 'Universal Render Pipeline/Particles/SimpleLit' not found
Initialize mono
Mono path[0] = 'D:/Program Files/Unity/2020.3.0f1/Editor/Data/Managed'
Mono path[1] = 'D:/Program Files/Unity/2020.3.0f1/Editor/Data/MonoBleedingEdge/lib/mono/unityjit'
Mono config path = 'D:/Program Files/Unity/2020.3.0f1/Editor/Data/MonoBleedingEdge/etc'
Using monoOptions --debugger-agent=transport=dt_socket,embedding=1,server=y,suspend=n,address=127.0.0.1:56708
Begin MonoManager ReloadAssembly
Registering precompiled unity dll's ...
Register platform support module: D:/Program Files/Unity/2020.3.0f1/Editor/Data/PlaybackEngines/WindowsStandaloneSupport/UnityEditor.WindowsStandalone.Extensions.dll
Registered in 0.001045 seconds.
Native extension for WindowsStandalone target not found
Refreshing native plugins compatible for Editor in 37.41 ms, found 0 plugins.
Preloading 0 native plugins for Editor in 0.00 ms.
Invoked RoslynAnalysisRunner static constructor.
RoslynAnalysisRunner will not be running.
RoslynAnalysisRunner has terminated.
Mono: successfully reloaded assembly
- Completed reload, in  1.090 seconds
Platform modules already initialized, skipping
Registering precompiled user dll's ...
Registered in 0.001953 seconds.
Begin MonoManager ReloadAssembly
Native extension for WindowsStandalone target not found
Refreshing native plugins compatible for Editor in 44.82 ms, found 0 plugins.
Preloading 0 native plugins for Editor in 0.00 ms.
Invoked RoslynAnalysisRunner static constructor.
RoslynAnalysisRunner will not be running.
RoslynAnalysisRunner has terminated.
Mono: successfully reloaded assembly
- Completed reload, in  0.930 seconds
Platform modules already initialized, skipping
========================================================================
Worker process is ready to serve import requests
Shader 'Universal Render Pipeline/Particles/Lit': fallback shader 'Universal Render Pipeline/Particles/SimpleLit' not found
Launched and connected shader compiler UnityShaderCompiler.exe after 0.04 seconds
Refreshing native plugins compatible for Editor in 0.59 ms, found 0 plugins.
Preloading 0 native plugins for Editor in 0.00 ms.
Unloading 2365 Unused Serialized files (Serialized files now loaded: 0)
System memory in use before: 107.9 MB.
System memory in use after: 108.1 MB.

Unloading 11 unused Assets to reduce memory usage. Loaded Objects now: 2807.
Total: 2.384500 ms (FindLiveObjects: 0.377200 ms CreateObjectMapping: 0.234300 ms MarkObjects: 1.695300 ms  DeleteObjects: 0.076600 ms)

========================================================================
Received Import Request.
  path: Assets
  artifactKey: Guid(00000000000000001000000000000000) Importer(815301076,1909f56bfc062723c751e8b465ee728b)
Start importing Assets using Guid(00000000000000001000000000000000) Importer(815301076,1909f56bfc062723c751e8b465ee728b)  -> (artifact id: '42baae205c97e3337697759514652acd') in 0.009179 seconds
  Import took 0.012640 seconds .

========================================================================
Received Import Request.
  Time since last request: 4.697629 seconds.
  path: Assets/Materials
  artifactKey: Guid(0639363c7d495d54eb57ce5d3c33df9e) Importer(815301076,1909f56bfc062723c751e8b465ee728b)
Start importing Assets/Materials using Guid(0639363c7d495d54eb57ce5d3c33df9e) Importer(815301076,1909f56bfc062723c751e8b465ee728b)  -> (artifact id: 'f414a438ac129a4ad7442d29406453a2') in 0.008327 seconds
  Import took 0.012138 seconds .

========================================================================
Received Import Request.
  Time since last request: 28.970228 seconds.
  path: Assets/Materials/Background.mat
  artifactKey: Guid(1a0a8a5a6908e5344a75d1f5ecfc41eb) Importer(815301076,1909f56bfc062723c751e8b465ee728b)
Start importing Assets/Materials/Background.mat using Guid(1a0a8a5a6908e5344a75d1f5ecfc41eb) Importer(815301076,1909f56bfc062723c751e8b465ee728b)  -> (artifact id: '44c8cffc7f277fe9cdd6c6fdd2cdfd76') in 0.107755 seconds
  Import took 0.111285 seconds .

========================================================================
Received Import Request.
  Time since last request: 111.500293 seconds.
  path: Assets/Materials/Player.mat
  artifactKey: Guid(4364ae4e340b56f41bfca94a6eb06e94) Importer(815301076,1909f56bfc062723c751e8b465ee728b)
Start importing Assets/Materials/Player.mat using Guid(4364ae4e340b56f41bfca94a6eb06e94) Importer(815301076,1909f56bfc062723c751e8b465ee728b)  -> (artifact id: 'a291e93c076cc40a3cae790f40c8634b') in 0.014847 seconds
  Import took 0.019405 seconds .

========================================================================
Received Import Request.
  Time since last request: 74.263803 seconds.
  path: Assets/Materials/Background.mat
  artifactKey: Guid(1a0a8a5a6908e5344a75d1f5ecfc41eb) Importer(815301076,1909f56bfc062723c751e8b465ee728b)
Start importing Assets/Materials/Background.mat using Guid(1a0a8a5a6908e5344a75d1f5ecfc41eb) Importer(815301076,1909f56bfc062723c751e8b465ee728b)  -> (artifact id: '12d07df9649475e1eb063cd17a712dbb') in 0.009507 seconds
  Import took 0.013924 seconds .

========================================================================
Received Import Request.
  Time since last request: 0.000208 seconds.
  path: Assets/Materials/Player.mat
  artifactKey: Guid(4364ae4e340b56f41bfca94a6eb06e94) Importer(815301076,1909f56bfc062723c751e8b465ee728b)
Start importing Assets/Materials/Player.mat using Guid(4364ae4e340b56f41bfca94a6eb06e94) Importer(815301076,1909f56bfc062723c751e8b465ee728b)  -> (artifact id: 'ee7c86fd0892247b530a8f553ec16f40') in 0.011982 seconds
  Import took 0.017874 seconds .

